<?xml version="1.0" encoding="UTF-8"?>
<!-- Generated by org.testng.reporters.JUnitXMLReporter -->
<testsuite ignored="0" hostname="SGZ-IN01064" failures="0" tests="1" name="Test" time="0.039" errors="0" timestamp="2020-05-24T23:02:07 IST">
  <testcase classname="com.actitime.genreic.BaseTest" name="@BeforeMethod preCondition" time="-1.590341527095E9">
    <failure type="org.testng.TestNGException" message="
Parameter &amp;apos;nodeUrl&amp;apos; is required by BeforeMethod on method preCondition but has not been marked @Optional or defined
in C:\Users\prasant.dwivedi\Desktop\Java Projects\FirstProjectWithTestNG\ActiTime\testng.xml">
      <![CDATA[org.testng.TestNGException: 
Parameter 'nodeUrl' is required by BeforeMethod on method preCondition but has not been marked @Optional or defined
in C:\Users\prasant.dwivedi\Desktop\Java Projects\FirstProjectWithTestNG\ActiTime\testng.xml
at java.base/java.util.ArrayList.forEach(ArrayList.java:1510)
... Removed 28 stack frames]]>
    </failure>
  </testcase> <!-- @BeforeMethod preCondition -->
  <testcase classname="com.actitime.genreic.BaseTest" name="@AfterMethod postCondition" time="-1.590341527108E9">
    <skipped/>
  </testcase> <!-- @AfterMethod postCondition -->
  <testcase classname="com.actitime.tests.ValidLoginLogoutTest" name="testValidLoginLogout" time="0.0">
    <skipped/>
  </testcase> <!-- testValidLoginLogout -->
</testsuite> <!-- Test -->
